<?xml version="1.0" encoding="UTF-8"?>
<testsuite name="com.pky.smartselling.SmartSellingApplicationTests" tests="1" skipped="0" failures="0" errors="0" timestamp="2019-04-09T08:41:33" hostname="New_HostName" time="0.073">
  <properties/>
  <testcase name="contextLoads" classname="com.pky.smartselling.SmartSellingApplicationTests" time="0.073"/>
  <system-out><![CDATA[17:41:28.796 [Test worker] DEBUG org.springframework.test.context.junit4.SpringJUnit4ClassRunner - SpringJUnit4ClassRunner constructor called with [class com.pky.smartselling.SmartSellingApplicationTests]
17:41:28.804 [Test worker] DEBUG org.springframework.test.context.BootstrapUtils - Instantiating CacheAwareContextLoaderDelegate from class [org.springframework.test.context.cache.DefaultCacheAwareContextLoaderDelegate]
17:41:28.811 [Test worker] DEBUG org.springframework.test.context.BootstrapUtils - Instantiating BootstrapContext using constructor [public org.springframework.test.context.support.DefaultBootstrapContext(java.lang.Class,org.springframework.test.context.CacheAwareContextLoaderDelegate)]
17:41:28.827 [Test worker] DEBUG org.springframework.test.context.BootstrapUtils - Instantiating TestContextBootstrapper for test class [com.pky.smartselling.SmartSellingApplicationTests] from class [org.springframework.boot.test.context.SpringBootTestContextBootstrapper]
17:41:28.836 [Test worker] INFO org.springframework.boot.test.context.SpringBootTestContextBootstrapper - Neither @ContextConfiguration nor @ContextHierarchy found for test class [com.pky.smartselling.SmartSellingApplicationTests], using SpringBootContextLoader
17:41:28.839 [Test worker] DEBUG org.springframework.test.context.support.AbstractContextLoader - Did not detect default resource location for test class [com.pky.smartselling.SmartSellingApplicationTests]: class path resource [com/pky/smartselling/SmartSellingApplicationTests-context.xml] does not exist
17:41:28.840 [Test worker] DEBUG org.springframework.test.context.support.AbstractContextLoader - Did not detect default resource location for test class [com.pky.smartselling.SmartSellingApplicationTests]: class path resource [com/pky/smartselling/SmartSellingApplicationTestsContext.groovy] does not exist
17:41:28.840 [Test worker] INFO org.springframework.test.context.support.AbstractContextLoader - Could not detect default resource locations for test class [com.pky.smartselling.SmartSellingApplicationTests]: no resource found for suffixes {-context.xml, Context.groovy}.
17:41:28.841 [Test worker] INFO org.springframework.test.context.support.AnnotationConfigContextLoaderUtils - Could not detect default configuration classes for test class [com.pky.smartselling.SmartSellingApplicationTests]: SmartSellingApplicationTests does not declare any static, non-private, non-final, nested classes annotated with @Configuration.
17:41:28.874 [Test worker] DEBUG org.springframework.test.context.support.ActiveProfilesUtils - Could not find an 'annotation declaring class' for annotation type [org.springframework.test.context.ActiveProfiles] and class [com.pky.smartselling.SmartSellingApplicationTests]
17:41:28.939 [Test worker] DEBUG org.springframework.context.annotation.ClassPathScanningCandidateComponentProvider - Identified candidate component class: file [/Users/user/Documents/server/build/classes/java/main/com/pky/smartselling/SmartSellingApplication.class]
17:41:28.940 [Test worker] INFO org.springframework.boot.test.context.SpringBootTestContextBootstrapper - Found @SpringBootConfiguration com.pky.smartselling.SmartSellingApplication for test class com.pky.smartselling.SmartSellingApplicationTests
17:41:29.020 [Test worker] DEBUG org.springframework.boot.test.context.SpringBootTestContextBootstrapper - @TestExecutionListeners is not present for class [com.pky.smartselling.SmartSellingApplicationTests]: using defaults.
17:41:29.021 [Test worker] INFO org.springframework.boot.test.context.SpringBootTestContextBootstrapper - Loaded default TestExecutionListener class names from location [META-INF/spring.factories]: [org.springframework.boot.test.autoconfigure.restdocs.RestDocsTestExecutionListener, org.springframework.boot.test.autoconfigure.web.client.MockRestServiceServerResetTestExecutionListener, org.springframework.boot.test.autoconfigure.web.servlet.MockMvcPrintOnlyOnFailureTestExecutionListener, org.springframework.boot.test.autoconfigure.web.servlet.WebDriverTestExecutionListener, org.springframework.boot.test.mock.mockito.MockitoTestExecutionListener, org.springframework.boot.test.mock.mockito.ResetMocksTestExecutionListener, org.springframework.test.context.web.ServletTestExecutionListener, org.springframework.test.context.support.DirtiesContextBeforeModesTestExecutionListener, org.springframework.test.context.support.DependencyInjectionTestExecutionListener, org.springframework.test.context.support.DirtiesContextTestExecutionListener, org.springframework.test.context.transaction.TransactionalTestExecutionListener, org.springframework.test.context.jdbc.SqlScriptsTestExecutionListener]
17:41:29.035 [Test worker] INFO org.springframework.boot.test.context.SpringBootTestContextBootstrapper - Using TestExecutionListeners: [org.springframework.test.context.web.ServletTestExecutionListener@6a7a46c9, org.springframework.test.context.support.DirtiesContextBeforeModesTestExecutionListener@30e5d02d, org.springframework.boot.test.mock.mockito.MockitoTestExecutionListener@776c550b, org.springframework.boot.test.autoconfigure.SpringBootDependencyInjectionTestExecutionListener@79184ad9, org.springframework.test.context.support.DirtiesContextTestExecutionListener@41ec173d, org.springframework.test.context.transaction.TransactionalTestExecutionListener@5f96c395, org.springframework.test.context.jdbc.SqlScriptsTestExecutionListener@4ac70161, org.springframework.boot.test.autoconfigure.restdocs.RestDocsTestExecutionListener@71b2d462, org.springframework.boot.test.autoconfigure.web.client.MockRestServiceServerResetTestExecutionListener@50c66096, org.springframework.boot.test.autoconfigure.web.servlet.MockMvcPrintOnlyOnFailureTestExecutionListener@39a59b70, org.springframework.boot.test.autoconfigure.web.servlet.WebDriverTestExecutionListener@4b9b592c, org.springframework.boot.test.mock.mockito.ResetMocksTestExecutionListener@2ced95f9]
17:41:29.038 [Test worker] DEBUG org.springframework.test.annotation.ProfileValueUtils - Retrieved @ProfileValueSourceConfiguration [null] for test class [com.pky.smartselling.SmartSellingApplicationTests]
17:41:29.038 [Test worker] DEBUG org.springframework.test.annotation.ProfileValueUtils - Retrieved ProfileValueSource type [class org.springframework.test.annotation.SystemProfileValueSource] for class [com.pky.smartselling.SmartSellingApplicationTests]
17:41:29.039 [Test worker] DEBUG org.springframework.test.annotation.ProfileValueUtils - Retrieved @ProfileValueSourceConfiguration [null] for test class [com.pky.smartselling.SmartSellingApplicationTests]
17:41:29.039 [Test worker] DEBUG org.springframework.test.annotation.ProfileValueUtils - Retrieved ProfileValueSource type [class org.springframework.test.annotation.SystemProfileValueSource] for class [com.pky.smartselling.SmartSellingApplicationTests]
17:41:29.044 [Test worker] DEBUG org.springframework.test.context.support.AbstractDirtiesContextTestExecutionListener - Before test class: context [DefaultTestContext@1e05894c testClass = SmartSellingApplicationTests, testInstance = [null], testMethod = [null], testException = [null], mergedContextConfiguration = [WebMergedContextConfiguration@7403669b testClass = SmartSellingApplicationTests, locations = '{}', classes = '{class com.pky.smartselling.SmartSellingApplication}', contextInitializerClasses = '[]', activeProfiles = '{}', propertySourceLocations = '{}', propertySourceProperties = '{org.springframework.boot.test.context.SpringBootTestContextBootstrapper=true}', contextCustomizers = set[org.springframework.boot.test.autoconfigure.properties.PropertyMappingContextCustomizer@0, org.springframework.boot.test.autoconfigure.web.servlet.WebDriverContextCustomizerFactory$Customizer@7a41cbfe, org.springframework.boot.test.context.filter.ExcludeFilterContextCustomizer@7c247ac6, org.springframework.boot.test.json.DuplicateJsonObjectContextCustomizerFactory$DuplicateJsonObjectContextCustomizer@7c13a0c2, org.springframework.boot.test.mock.mockito.MockitoContextCustomizer@0, org.springframework.boot.test.web.client.TestRestTemplateContextCustomizer@1082d9c1], resourceBasePath = 'src/main/webapp', contextLoader = 'org.springframework.boot.test.context.SpringBootContextLoader', parent = [null]], attributes = map['org.springframework.test.context.web.ServletTestExecutionListener.activateListener' -> true]], class annotated with @DirtiesContext [false] with mode [null].
17:41:29.044 [Test worker] DEBUG org.springframework.test.annotation.ProfileValueUtils - Retrieved @ProfileValueSourceConfiguration [null] for test class [com.pky.smartselling.SmartSellingApplicationTests]
17:41:29.044 [Test worker] DEBUG org.springframework.test.annotation.ProfileValueUtils - Retrieved ProfileValueSource type [class org.springframework.test.annotation.SystemProfileValueSource] for class [com.pky.smartselling.SmartSellingApplicationTests]
17:41:29.063 [Test worker] DEBUG org.springframework.test.context.support.TestPropertySourceUtils - Adding inlined properties to environment: {spring.jmx.enabled=false, org.springframework.boot.test.context.SpringBootTestContextBootstrapper=true, server.port=-1}

  .   ____          _            __ _ _
 /\\ / ___'_ __ _ _(_)_ __  __ _ \ \ \ \
( ( )\___ | '_ | '_| | '_ \/ _` | \ \ \ \
 \\/  ___)| |_)| | | | | || (_| |  ) ) ) )
  '  |____| .__|_| |_|_| |_\__, | / / / /
 =========|_|==============|___/=/_/_/_/
 :: Spring Boot ::        (v2.1.4.RELEASE)

2019-04-09 17:41:29.359  INFO 35645 --- [    Test worker] c.p.s.SmartSellingApplicationTests       : Starting SmartSellingApplicationTests on New_HostName with PID 35645 (started by user in /Users/user/Documents/server)
2019-04-09 17:41:29.361  INFO 35645 --- [    Test worker] c.p.s.SmartSellingApplicationTests       : No active profile set, falling back to default profiles: default
2019-04-09 17:41:30.255  INFO 35645 --- [    Test worker] .s.d.r.c.RepositoryConfigurationDelegate : Bootstrapping Spring Data repositories in DEFAULT mode.
2019-04-09 17:41:30.275  INFO 35645 --- [    Test worker] .s.d.r.c.RepositoryConfigurationDelegate : Finished Spring Data repository scanning in 13ms. Found 0 repository interfaces.
2019-04-09 17:41:30.814  INFO 35645 --- [    Test worker] trationDelegate$BeanPostProcessorChecker : Bean 'org.springframework.transaction.annotation.ProxyTransactionManagementConfiguration' of type [org.springframework.transaction.annotation.ProxyTransactionManagementConfiguration$$EnhancerBySpringCGLIB$$2967dad4] is not eligible for getting processed by all BeanPostProcessors (for example: not eligible for auto-proxying)
2019-04-09 17:41:31.023  INFO 35645 --- [    Test worker] com.zaxxer.hikari.HikariDataSource       : HikariPool-1 - Starting...
2019-04-09 17:41:31.191  INFO 35645 --- [    Test worker] com.zaxxer.hikari.HikariDataSource       : HikariPool-1 - Start completed.
2019-04-09 17:41:31.257  INFO 35645 --- [    Test worker] o.hibernate.jpa.internal.util.LogHelper  : HHH000204: Processing PersistenceUnitInfo [
	name: default
	...]
2019-04-09 17:41:31.340  INFO 35645 --- [    Test worker] org.hibernate.Version                    : HHH000412: Hibernate Core {5.3.9.Final}
2019-04-09 17:41:31.342  INFO 35645 --- [    Test worker] org.hibernate.cfg.Environment            : HHH000206: hibernate.properties not found
2019-04-09 17:41:31.488  INFO 35645 --- [    Test worker] o.hibernate.annotations.common.Version   : HCANN000001: Hibernate Commons Annotations {5.0.4.Final}
2019-04-09 17:41:31.637  INFO 35645 --- [    Test worker] org.hibernate.dialect.Dialect            : HHH000400: Using dialect: org.hibernate.dialect.MySQL5Dialect
Hibernate: drop table if exists customer
Hibernate: drop table if exists department
Hibernate: drop table if exists hibernate_sequence
Hibernate: create table customer (customer_no bigint not null, primary key (customer_no)) engine=MyISAM
Hibernate: create table department (department_no bigint not null, name varchar(255) not null, customer_no bigint not null, parent_department_no bigint, primary key (department_no)) engine=MyISAM
Hibernate: create table hibernate_sequence (next_val bigint) engine=MyISAM
Hibernate: insert into hibernate_sequence values ( 1 )
Hibernate: insert into hibernate_sequence values ( 1 )
Hibernate: alter table department add constraint FK7ptnacs5adk33o19dn4sctfok foreign key (customer_no) references customer (customer_no)
Hibernate: alter table department add constraint FKg0clt5wdvk33kw6vmcanc3bcw foreign key (parent_department_no) references department (department_no)
2019-04-09 17:41:32.291  INFO 35645 --- [    Test worker] o.h.t.schema.internal.SchemaCreatorImpl  : HHH000476: Executing import script 'org.hibernate.tool.schema.internal.exec.ScriptSourceInputNonExistentImpl@1a3ae36d'
2019-04-09 17:41:32.294  INFO 35645 --- [    Test worker] j.LocalContainerEntityManagerFactoryBean : Initialized JPA EntityManagerFactory for persistence unit 'default'
2019-04-09 17:41:33.057  INFO 35645 --- [    Test worker] o.s.s.concurrent.ThreadPoolTaskExecutor  : Initializing ExecutorService 'applicationTaskExecutor'
2019-04-09 17:41:33.104  WARN 35645 --- [    Test worker] aWebConfiguration$JpaWebMvcConfiguration : spring.jpa.open-in-view is enabled by default. Therefore, database queries may be performed during view rendering. Explicitly configure spring.jpa.open-in-view to disable this warning
2019-04-09 17:41:33.839  INFO 35645 --- [    Test worker] o.s.b.a.e.web.EndpointLinksResolver      : Exposing 2 endpoint(s) beneath base path '/actuator'
2019-04-09 17:41:33.900  INFO 35645 --- [    Test worker] c.p.s.SmartSellingApplicationTests       : Started SmartSellingApplicationTests in 4.829 seconds (JVM running for 5.687)
]]></system-out>
  <system-err><![CDATA[]]></system-err>
</testsuite>
